[debug] [2018-06-24T07:16:52.367Z] ----------------------------------------------------------------------
[debug] [2018-06-24T07:16:52.370Z] Command:       /usr/local/bin/node /usr/local/bin/firebase serve
[debug] [2018-06-24T07:16:52.370Z] CLI Version:   3.19.0
[debug] [2018-06-24T07:16:52.370Z] Platform:      darwin
[debug] [2018-06-24T07:16:52.370Z] Node Version:  v10.4.1
[debug] [2018-06-24T07:16:52.372Z] Time:          Sun Jun 24 2018 02:16:52 GMT-0500 (Colombia Standard Time)
[debug] [2018-06-24T07:16:52.372Z] ----------------------------------------------------------------------
[debug] 
[debug] [2018-06-24T07:16:52.386Z] > command requires scopes: ["email","openid","https://www.googleapis.com/auth/cloudplatformprojects.readonly","https://www.googleapis.com/auth/firebase","https://www.googleapis.com/auth/cloud-platform"]
[debug] [2018-06-24T07:16:52.386Z] > authorizing via signed-in user
[debug] [2018-06-24T07:16:52.389Z] >>> HTTP REQUEST GET https://admin.firebase.com/v1/projects/db-invie  
  
 Sun Jun 24 2018 02:16:52 GMT-0500 (Colombia Standard Time)
[debug] [2018-06-24T07:16:53.107Z] <<< HTTP RESPONSE 200
[debug] [2018-06-24T07:16:53.109Z] >>> HTTP REQUEST GET https://admin.firebase.com/v1/database/db-invie/tokens  
  
 Sun Jun 24 2018 02:16:53 GMT-0500 (Colombia Standard Time)
[debug] [2018-06-24T07:16:53.584Z] <<< HTTP RESPONSE 200
[debug] [2018-06-24T07:16:53.586Z] >>> HTTP REQUEST GET https://cloudresourcemanager.googleapis.com/v1/projects/db-invie  
  
 Sun Jun 24 2018 02:16:53 GMT-0500 (Colombia Standard Time)
[debug] [2018-06-24T07:16:54.175Z] <<< HTTP RESPONSE 200
[info] 
[info] === Serving from '/Users/yomar-dev/Desktop/invie-firebase'...
[info] 
[debug] [2018-06-24T07:16:54.177Z] >>> HTTP REQUEST GET https://mobilesdk-pa.googleapis.com/v1/projects/810449301017/clients/_:getWebAppConfig  
  
 Sun Jun 24 2018 02:16:54 GMT-0500 (Colombia Standard Time)
[debug] [2018-06-24T07:16:54.887Z] <<< HTTP RESPONSE 200
[info] i  hosting: Serving hosting files from: ./
[info] ✔  hosting: Local server: http://localhost:5000

